TN:
SF:src/QuantityWidget.js
FN:28,(anonymous_0)
FN:28,(anonymous_1)
FN:35,(anonymous_2)
FN:44,(anonymous_3)
FN:55,(anonymous_4)
FN:76,(anonymous_5)
FN:145,(anonymous_6)
FN:152,(anonymous_7)
FN:167,(anonymous_8)
FN:182,(anonymous_9)
FN:191,(anonymous_10)
FN:203,(anonymous_11)
FN:207,(anonymous_12)
FN:208,(anonymous_13)
FN:227,(anonymous_14)
FN:251,(anonymous_15)
FN:253,(anonymous_16)
FN:270,(anonymous_17)
FN:292,(anonymous_18)
FN:299,(anonymous_19)
FN:307,(anonymous_20)
FN:314,(anonymous_21)
FN:323,(anonymous_22)
FN:330,(anonymous_23)
FN:345,(anonymous_24)
FNF:25
FNH:18
FNDA:0,(anonymous_0)
FNDA:0,(anonymous_1)
FNDA:16,(anonymous_2)
FNDA:0,(anonymous_3)
FNDA:34,(anonymous_4)
FNDA:16,(anonymous_5)
FNDA:19,(anonymous_6)
FNDA:4,(anonymous_7)
FNDA:20,(anonymous_8)
FNDA:1,(anonymous_9)
FNDA:2,(anonymous_10)
FNDA:16,(anonymous_11)
FNDA:0,(anonymous_12)
FNDA:0,(anonymous_13)
FNDA:152,(anonymous_14)
FNDA:16,(anonymous_15)
FNDA:0,(anonymous_16)
FNDA:0,(anonymous_17)
FNDA:2,(anonymous_18)
FNDA:1,(anonymous_19)
FNDA:1,(anonymous_20)
FNDA:2,(anonymous_21)
FNDA:1,(anonymous_22)
FNDA:6,(anonymous_23)
FNDA:17,(anonymous_24)
DA:14,1
DA:19,0
DA:20,0
DA:21,0
DA:22,0
DA:25,0
DA:26,0
DA:28,0
DA:30,0
DA:36,16
DA:37,16
DA:48,16
DA:49,16
DA:56,34
DA:70,34
DA:77,16
DA:139,16
DA:146,19
DA:153,4
DA:154,1
DA:156,3
DA:157,3
DA:159,3
DA:160,3
DA:168,20
DA:169,16
DA:171,4
DA:172,4
DA:174,4
DA:175,4
DA:183,1
DA:184,1
DA:185,1
DA:192,2
DA:193,2
DA:194,2
DA:195,2
DA:196,2
DA:205,16
DA:206,0
DA:207,0
DA:208,0
DA:209,0
DA:212,16
DA:213,16
DA:214,16
DA:228,152
DA:235,16
DA:236,16
DA:239,16
DA:240,16
DA:243,16
DA:245,16
DA:253,16
DA:254,0
DA:255,0
DA:263,16
DA:264,16
DA:265,16
DA:269,16
DA:270,16
DA:271,0
DA:272,0
DA:273,0
DA:276,0
DA:277,0
DA:278,0
DA:279,0
DA:281,0
DA:284,0
DA:293,2
DA:300,1
DA:301,1
DA:308,1
DA:315,2
DA:316,2
DA:317,2
DA:324,1
DA:325,1
DA:328,1
DA:329,1
DA:330,1
DA:331,6
DA:336,1
DA:337,1
DA:338,1
DA:346,17
DA:347,0
DA:353,1
DA:354,1
DA:357,1
DA:358,1
LF:92
LH:68
BRDA:14,0,0,1
BRDA:14,0,1,0
BRDA:25,1,0,0
BRDA:25,1,1,0
BRDA:35,2,0,6
BRDA:38,3,0,16
BRDA:38,3,1,6
BRDA:39,4,0,16
BRDA:39,4,1,12
BRDA:39,5,0,12
BRDA:39,5,1,6
BRDA:40,6,0,16
BRDA:40,6,1,14
BRDA:41,7,0,16
BRDA:41,7,1,14
BRDA:41,8,0,14
BRDA:41,8,1,6
BRDA:42,9,0,16
BRDA:42,9,1,15
BRDA:43,10,0,16
BRDA:43,10,1,15
BRDA:44,11,0,16
BRDA:44,11,1,12
BRDA:70,12,0,34
BRDA:70,12,1,1
BRDA:146,13,0,19
BRDA:146,13,1,0
BRDA:153,14,0,1
BRDA:153,14,1,3
BRDA:168,15,0,16
BRDA:168,15,1,4
BRDA:183,16,0,1
BRDA:183,16,1,0
BRDA:191,17,0,0
BRDA:192,18,0,2
BRDA:192,18,1,0
BRDA:195,19,0,2
BRDA:195,19,1,0
BRDA:205,20,0,0
BRDA:205,20,1,16
BRDA:220,21,0,1
BRDA:220,21,1,15
BRDA:225,22,0,1
BRDA:225,22,1,15
BRDA:228,23,0,16
BRDA:228,23,1,136
BRDA:258,24,0,0
BRDA:258,24,1,0
BRDA:263,25,0,16
BRDA:263,25,1,0
BRDA:269,26,0,16
BRDA:269,26,1,0
BRDA:271,27,0,0
BRDA:271,27,1,0
BRDA:299,28,0,0
BRDA:316,29,0,2
BRDA:316,29,1,0
BRDA:317,30,0,2
BRDA:317,30,1,0
BRDA:329,31,0,1
BRDA:329,31,1,0
BRDA:329,32,0,1
BRDA:329,32,1,1
BRDA:336,33,0,1
BRDA:336,33,1,0
BRDA:337,34,0,1
BRDA:337,34,1,0
BRDA:346,35,0,0
BRDA:346,35,1,17
BRDA:346,36,0,17
BRDA:346,36,1,17
BRDA:353,37,0,1
BRDA:353,37,1,0
BRDA:353,38,0,1
BRDA:353,38,1,1
BRDA:357,39,0,1
BRDA:357,39,1,0
BRF:77
BRH:53
end_of_record
